2023-05-21 14:05:339 INFO  BankManagerLoginPage :24 - Clicking On Bank Manager Login Button : [[ChromeDriver: chrome on WINDOWS (ddbef09d8381f55bd64daf87a66e5ba3)] -> xpath: //button[normalize-space()='Bank Manager Login']]
2023-05-21 14:05:596 INFO  AddCustomerPage :45 - Clicking On Add Customer Button : [[ChromeDriver: chrome on WINDOWS (ddbef09d8381f55bd64daf87a66e5ba3)] -> xpath: //button[normalize-space()='Add Customer']]
2023-05-21 14:05:93 INFO  AddCustomerPage :50 - Entering First Name Into First Name Filed : [[ChromeDriver: chrome on WINDOWS (ddbef09d8381f55bd64daf87a66e5ba3)] -> xpath: //input[@placeholder='First Name']]
2023-05-21 14:05:241 INFO  AddCustomerPage :55 - Entering Last Name Into Last Name Field : [[ChromeDriver: chrome on WINDOWS (ddbef09d8381f55bd64daf87a66e5ba3)] -> xpath: //input[@placeholder='Last Name']]
2023-05-21 14:05:398 INFO  AddCustomerPage :60 - Entering Postcode Into Postcode Field : [[ChromeDriver: chrome on WINDOWS (ddbef09d8381f55bd64daf87a66e5ba3)] -> xpath: //input[@placeholder='Post Code']]
2023-05-21 14:05:512 INFO  AddCustomerPage :65 - Clicking On Add Customer Button : [[ChromeDriver: chrome on WINDOWS (ddbef09d8381f55bd64daf87a66e5ba3)] -> xpath: //button[@type='submit']]
2023-05-21 14:05:460 INFO  BankManagerLoginPage :24 - Clicking On Bank Manager Login Button : [[ChromeDriver: chrome on WINDOWS (a637aa058f665c4379c64a43b8b7cd22)] -> xpath: //button[normalize-space()='Bank Manager Login']]
2023-05-21 14:05:830 INFO  OpenAccountPage :42 - Clicking On Open An Account Button : [[ChromeDriver: chrome on WINDOWS (a637aa058f665c4379c64a43b8b7cd22)] -> xpath: //button[normalize-space()='Open Account']]
2023-05-21 14:05:137 INFO  OpenAccountPage :48 - Clicking On The Customer Name Drop Down : [[ChromeDriver: chrome on WINDOWS (a637aa058f665c4379c64a43b8b7cd22)] -> css selector: #userSelect]
2023-05-21 14:05:329 INFO  OpenAccountPage :50 - Selecting Customer Name From The Drop Down : [[ChromeDriver: chrome on WINDOWS (a637aa058f665c4379c64a43b8b7cd22)] -> css selector: #userSelect]
2023-05-21 14:05:447 INFO  OpenAccountPage :56 - Clicking On The Currency Drop Down : [[ChromeDriver: chrome on WINDOWS (a637aa058f665c4379c64a43b8b7cd22)] -> xpath: //select[@id='currency']]
2023-05-21 14:05:565 INFO  OpenAccountPage :58 - Selecting The Desired Currency From Currency Drop Down : [[ChromeDriver: chrome on WINDOWS (a637aa058f665c4379c64a43b8b7cd22)] -> xpath: //select[@id='currency']]
2023-05-21 14:05:666 INFO  OpenAccountPage :63 - Clicking On The Process Button : [[ChromeDriver: chrome on WINDOWS (a637aa058f665c4379c64a43b8b7cd22)] -> xpath: //button[@type='submit']]
2023-05-21 14:05:818 INFO  CustomerLoginPage :45 - Clicking On Customer Login Button : [[ChromeDriver: chrome on WINDOWS (b17e306fa7176bb1a440576dcc9c0f86)] -> xpath: //button[@type='submit']]
2023-05-21 14:05:958 INFO  CustomerLoginPage :51 - Clicking On Customer Name Selection Drop Down : [[ChromeDriver: chrome on WINDOWS (b17e306fa7176bb1a440576dcc9c0f86)] -> xpath: //select[@id='userSelect']]
2023-05-21 14:05:105 INFO  CustomerLoginPage :53 - Selecting Customer Name From The Drop Down : [[ChromeDriver: chrome on WINDOWS (b17e306fa7176bb1a440576dcc9c0f86)] -> xpath: //select[@id='userSelect']]
2023-05-21 14:05:274 INFO  CustomerLoginPage :58 - Clicking On Login Button : [[ChromeDriver: chrome on WINDOWS (b17e306fa7176bb1a440576dcc9c0f86)] -> xpath: //button[@type='submit']]
2023-05-21 14:05:469 INFO  CustomerLoginPage :63 - Verifying Whether The Logout Tab Is Displayed Or Not : 
2023-05-21 14:05:547 INFO  CustomerLoginPage :69 - Clicking On Logout Tab : [[ChromeDriver: chrome on WINDOWS (b17e306fa7176bb1a440576dcc9c0f86)] -> xpath: //button[@class='btn logout']]
2023-05-21 14:05:512 INFO  CustomerLoginPage :45 - Clicking On Customer Login Button : [[ChromeDriver: chrome on WINDOWS (320900d68eb28886e8592637fdd09340)] -> xpath: //button[@type='submit']]
2023-05-21 14:05:648 INFO  CustomerLoginPage :51 - Clicking On Customer Name Selection Drop Down : [[ChromeDriver: chrome on WINDOWS (320900d68eb28886e8592637fdd09340)] -> xpath: //select[@id='userSelect']]
2023-05-21 14:05:775 INFO  CustomerLoginPage :53 - Selecting Customer Name From The Drop Down : [[ChromeDriver: chrome on WINDOWS (320900d68eb28886e8592637fdd09340)] -> xpath: //select[@id='userSelect']]
2023-05-21 14:05:968 INFO  CustomerLoginPage :58 - Clicking On Login Button : [[ChromeDriver: chrome on WINDOWS (320900d68eb28886e8592637fdd09340)] -> xpath: //button[@type='submit']]
2023-05-21 14:05:135 INFO  AccountPage :49 - Clicking On Deposit Button : [[ChromeDriver: chrome on WINDOWS (320900d68eb28886e8592637fdd09340)] -> xpath: //button[normalize-space()='Deposit']]
2023-05-21 14:05:423 INFO  AccountPage :54 - Entering The Amount Into Amount Field : [[ChromeDriver: chrome on WINDOWS (320900d68eb28886e8592637fdd09340)] -> xpath: //input[@placeholder='amount']]
2023-05-21 14:05:511 INFO  AccountPage :59 - Clicking On Deposit Button : [[ChromeDriver: chrome on WINDOWS (320900d68eb28886e8592637fdd09340)] -> xpath: //button[@type='submit']]
2023-05-21 14:05:722 INFO  CustomerLoginPage :45 - Clicking On Customer Login Button : [[ChromeDriver: chrome on WINDOWS (47432d7c655a4779c6fcbc3382b413a7)] -> xpath: //button[@type='submit']]
2023-05-21 14:05:870 INFO  CustomerLoginPage :51 - Clicking On Customer Name Selection Drop Down : [[ChromeDriver: chrome on WINDOWS (47432d7c655a4779c6fcbc3382b413a7)] -> xpath: //select[@id='userSelect']]
2023-05-21 14:05:00 INFO  CustomerLoginPage :53 - Selecting Customer Name From The Drop Down : [[ChromeDriver: chrome on WINDOWS (47432d7c655a4779c6fcbc3382b413a7)] -> xpath: //select[@id='userSelect']]
2023-05-21 14:05:262 INFO  CustomerLoginPage :58 - Clicking On Login Button : [[ChromeDriver: chrome on WINDOWS (47432d7c655a4779c6fcbc3382b413a7)] -> xpath: //button[@type='submit']]
2023-05-21 14:05:574 INFO  AccountPage :64 - Clicking On Withdraw Button : [[ChromeDriver: chrome on WINDOWS (47432d7c655a4779c6fcbc3382b413a7)] -> xpath: //button[@type='submit']]
2023-05-21 14:05:672 INFO  AccountPage :54 - Entering The Amount Into Amount Field : [[ChromeDriver: chrome on WINDOWS (47432d7c655a4779c6fcbc3382b413a7)] -> xpath: //input[@placeholder='amount']]
2023-05-21 14:05:755 INFO  AccountPage :74 - Clicking On Withdraw Button : [[ChromeDriver: chrome on WINDOWS (47432d7c655a4779c6fcbc3382b413a7)] -> xpath: //button[@type='submit']]
2023-05-22 22:05:591 INFO  BankManagerLoginPage :24 - Clicking On Bank Manager Login Button : [[ChromeDriver: chrome on WINDOWS (839fcc315c485dee5a96f167e912fb97)] -> xpath: //button[normalize-space()='Bank Manager Login']]
2023-05-22 22:05:880 INFO  AddCustomerPage :45 - Clicking On Add Customer Button : [[ChromeDriver: chrome on WINDOWS (839fcc315c485dee5a96f167e912fb97)] -> xpath: //button[normalize-space()='Add Customer']]
2023-05-22 22:05:317 INFO  AddCustomerPage :50 - Entering First Name Into First Name Filed : [[ChromeDriver: chrome on WINDOWS (839fcc315c485dee5a96f167e912fb97)] -> xpath: //input[@placeholder='First Name']]
2023-05-22 22:05:437 INFO  AddCustomerPage :55 - Entering Last Name Into Last Name Field : [[ChromeDriver: chrome on WINDOWS (839fcc315c485dee5a96f167e912fb97)] -> xpath: //input[@placeholder='Last Name']]
2023-05-22 22:05:596 INFO  AddCustomerPage :60 - Entering Postcode Into Postcode Field : [[ChromeDriver: chrome on WINDOWS (839fcc315c485dee5a96f167e912fb97)] -> xpath: //input[@placeholder='Post Code']]
2023-05-22 22:05:774 INFO  AddCustomerPage :65 - Clicking On Add Customer Button : [[ChromeDriver: chrome on WINDOWS (839fcc315c485dee5a96f167e912fb97)] -> xpath: //button[@type='submit']]
2023-05-22 22:05:724 INFO  BankManagerLoginPage :24 - Clicking On Bank Manager Login Button : [[ChromeDriver: chrome on WINDOWS (df4fcf5ac08138d13b3e11a2ee958322)] -> xpath: //button[normalize-space()='Bank Manager Login']]
2023-05-22 22:05:990 INFO  OpenAccountPage :42 - Clicking On Open An Account Button : [[ChromeDriver: chrome on WINDOWS (df4fcf5ac08138d13b3e11a2ee958322)] -> xpath: //button[normalize-space()='Open Account']]
2023-05-22 22:05:329 INFO  OpenAccountPage :48 - Clicking On The Customer Name Drop Down : [[ChromeDriver: chrome on WINDOWS (df4fcf5ac08138d13b3e11a2ee958322)] -> css selector: #userSelect]
2023-05-22 22:05:459 INFO  OpenAccountPage :50 - Selecting Customer Name From The Drop Down : [[ChromeDriver: chrome on WINDOWS (df4fcf5ac08138d13b3e11a2ee958322)] -> css selector: #userSelect]
2023-05-22 22:05:559 INFO  OpenAccountPage :56 - Clicking On The Currency Drop Down : [[ChromeDriver: chrome on WINDOWS (df4fcf5ac08138d13b3e11a2ee958322)] -> xpath: //select[@id='currency']]
2023-05-22 22:05:662 INFO  OpenAccountPage :58 - Selecting The Desired Currency From Currency Drop Down : [[ChromeDriver: chrome on WINDOWS (df4fcf5ac08138d13b3e11a2ee958322)] -> xpath: //select[@id='currency']]
2023-05-22 22:05:736 INFO  OpenAccountPage :63 - Clicking On The Process Button : [[ChromeDriver: chrome on WINDOWS (df4fcf5ac08138d13b3e11a2ee958322)] -> xpath: //button[@type='submit']]
2023-05-22 22:05:562 INFO  CustomerLoginPage :45 - Clicking On Customer Login Button : [[ChromeDriver: chrome on WINDOWS (3214ddd4bff3181ab748d850697245a6)] -> xpath: //button[@type='submit']]
2023-05-22 22:05:690 INFO  CustomerLoginPage :51 - Clicking On Customer Name Selection Drop Down : [[ChromeDriver: chrome on WINDOWS (3214ddd4bff3181ab748d850697245a6)] -> xpath: //select[@id='userSelect']]
2023-05-22 22:05:853 INFO  CustomerLoginPage :53 - Selecting Customer Name From The Drop Down : [[ChromeDriver: chrome on WINDOWS (3214ddd4bff3181ab748d850697245a6)] -> xpath: //select[@id='userSelect']]
2023-05-22 22:05:980 INFO  CustomerLoginPage :58 - Clicking On Login Button : [[ChromeDriver: chrome on WINDOWS (3214ddd4bff3181ab748d850697245a6)] -> xpath: //button[@type='submit']]
2023-05-22 22:05:297 INFO  CustomerLoginPage :63 - Verifying Whether The Logout Tab Is Displayed Or Not : 
2023-05-22 22:05:360 INFO  CustomerLoginPage :69 - Clicking On Logout Tab : [[ChromeDriver: chrome on WINDOWS (3214ddd4bff3181ab748d850697245a6)] -> xpath: //button[@class='btn logout']]
2023-05-22 22:05:19 INFO  CustomerLoginPage :45 - Clicking On Customer Login Button : [[ChromeDriver: chrome on WINDOWS (b9a637e34783b85b86b6948ec1bf1bae)] -> xpath: //button[@type='submit']]
2023-05-22 22:05:107 INFO  CustomerLoginPage :51 - Clicking On Customer Name Selection Drop Down : [[ChromeDriver: chrome on WINDOWS (b9a637e34783b85b86b6948ec1bf1bae)] -> xpath: //select[@id='userSelect']]
2023-05-22 22:05:215 INFO  CustomerLoginPage :53 - Selecting Customer Name From The Drop Down : [[ChromeDriver: chrome on WINDOWS (b9a637e34783b85b86b6948ec1bf1bae)] -> xpath: //select[@id='userSelect']]
2023-05-22 22:05:371 INFO  CustomerLoginPage :58 - Clicking On Login Button : [[ChromeDriver: chrome on WINDOWS (b9a637e34783b85b86b6948ec1bf1bae)] -> xpath: //button[@type='submit']]
2023-05-22 22:05:565 INFO  AccountPage :49 - Clicking On Deposit Button : [[ChromeDriver: chrome on WINDOWS (b9a637e34783b85b86b6948ec1bf1bae)] -> xpath: //button[normalize-space()='Deposit']]
2023-05-22 22:05:957 INFO  AccountPage :54 - Entering The Amount Into Amount Field : [[ChromeDriver: chrome on WINDOWS (b9a637e34783b85b86b6948ec1bf1bae)] -> xpath: //input[@placeholder='amount']]
2023-05-22 22:05:28 INFO  AccountPage :59 - Clicking On Deposit Button : [[ChromeDriver: chrome on WINDOWS (b9a637e34783b85b86b6948ec1bf1bae)] -> xpath: //button[@type='submit']]
2023-05-22 22:05:790 INFO  CustomerLoginPage :45 - Clicking On Customer Login Button : [[ChromeDriver: chrome on WINDOWS (36b0e9b108a68a70ae4b7b98a00a4a77)] -> xpath: //button[@type='submit']]
2023-05-22 22:05:935 INFO  CustomerLoginPage :51 - Clicking On Customer Name Selection Drop Down : [[ChromeDriver: chrome on WINDOWS (36b0e9b108a68a70ae4b7b98a00a4a77)] -> xpath: //select[@id='userSelect']]
2023-05-22 22:05:79 INFO  CustomerLoginPage :53 - Selecting Customer Name From The Drop Down : [[ChromeDriver: chrome on WINDOWS (36b0e9b108a68a70ae4b7b98a00a4a77)] -> xpath: //select[@id='userSelect']]
2023-05-22 22:05:190 INFO  CustomerLoginPage :58 - Clicking On Login Button : [[ChromeDriver: chrome on WINDOWS (36b0e9b108a68a70ae4b7b98a00a4a77)] -> xpath: //button[@type='submit']]
2023-05-22 22:05:850 INFO  AccountPage :64 - Clicking On Withdraw Button : [[ChromeDriver: chrome on WINDOWS (36b0e9b108a68a70ae4b7b98a00a4a77)] -> xpath: //button[@type='submit']]
2023-05-22 22:05:961 INFO  AccountPage :54 - Entering The Amount Into Amount Field : [[ChromeDriver: chrome on WINDOWS (36b0e9b108a68a70ae4b7b98a00a4a77)] -> xpath: //input[@placeholder='amount']]
2023-05-22 22:05:49 INFO  AccountPage :74 - Clicking On Withdraw Button : [[ChromeDriver: chrome on WINDOWS (36b0e9b108a68a70ae4b7b98a00a4a77)] -> xpath: //button[@type='submit']]
2023-05-22 22:05:732 INFO  BankManagerLoginPage :24 - Clicking On Bank Manager Login Button : [[ChromeDriver: chrome on WINDOWS (c51d41f1c6f0dd0c7b4f836e9516423f)] -> xpath: //button[normalize-space()='Bank Manager Login']]
2023-05-22 22:05:108 INFO  AddCustomerPage :45 - Clicking On Add Customer Button : [[ChromeDriver: chrome on WINDOWS (c51d41f1c6f0dd0c7b4f836e9516423f)] -> xpath: //button[normalize-space()='Add Customer']]
2023-05-22 22:05:445 INFO  AddCustomerPage :50 - Entering First Name Into First Name Filed : [[ChromeDriver: chrome on WINDOWS (c51d41f1c6f0dd0c7b4f836e9516423f)] -> xpath: //input[@placeholder='First Name']]
2023-05-22 22:05:565 INFO  AddCustomerPage :55 - Entering Last Name Into Last Name Field : [[ChromeDriver: chrome on WINDOWS (c51d41f1c6f0dd0c7b4f836e9516423f)] -> xpath: //input[@placeholder='Last Name']]
2023-05-22 22:05:701 INFO  AddCustomerPage :60 - Entering Postcode Into Postcode Field : [[ChromeDriver: chrome on WINDOWS (c51d41f1c6f0dd0c7b4f836e9516423f)] -> xpath: //input[@placeholder='Post Code']]
2023-05-22 22:05:837 INFO  AddCustomerPage :65 - Clicking On Add Customer Button : [[ChromeDriver: chrome on WINDOWS (c51d41f1c6f0dd0c7b4f836e9516423f)] -> xpath: //button[@type='submit']]
2023-05-22 22:05:90 INFO  BankManagerLoginPage :24 - Clicking On Bank Manager Login Button : [[ChromeDriver: chrome on WINDOWS (c7b180b8aa35dc8ea594055b34aaa448)] -> xpath: //button[normalize-space()='Bank Manager Login']]
2023-05-22 22:05:464 INFO  OpenAccountPage :42 - Clicking On Open An Account Button : [[ChromeDriver: chrome on WINDOWS (c7b180b8aa35dc8ea594055b34aaa448)] -> xpath: //button[normalize-space()='Open Account']]
2023-05-22 22:05:765 INFO  OpenAccountPage :48 - Clicking On The Customer Name Drop Down : [[ChromeDriver: chrome on WINDOWS (c7b180b8aa35dc8ea594055b34aaa448)] -> css selector: #userSelect]
2023-05-22 22:05:916 INFO  OpenAccountPage :50 - Selecting Customer Name From The Drop Down : [[ChromeDriver: chrome on WINDOWS (c7b180b8aa35dc8ea594055b34aaa448)] -> css selector: #userSelect]
2023-05-22 22:05:20 INFO  OpenAccountPage :56 - Clicking On The Currency Drop Down : [[ChromeDriver: chrome on WINDOWS (c7b180b8aa35dc8ea594055b34aaa448)] -> xpath: //select[@id='currency']]
2023-05-22 22:05:149 INFO  OpenAccountPage :58 - Selecting The Desired Currency From Currency Drop Down : [[ChromeDriver: chrome on WINDOWS (c7b180b8aa35dc8ea594055b34aaa448)] -> xpath: //select[@id='currency']]
2023-05-22 22:05:225 INFO  OpenAccountPage :63 - Clicking On The Process Button : [[ChromeDriver: chrome on WINDOWS (c7b180b8aa35dc8ea594055b34aaa448)] -> xpath: //button[@type='submit']]
2023-05-22 22:05:921 INFO  CustomerLoginPage :45 - Clicking On Customer Login Button : [[ChromeDriver: chrome on WINDOWS (68274669a5f37da2b7f0b07a31f23096)] -> xpath: //button[@type='submit']]
2023-05-22 22:05:58 INFO  CustomerLoginPage :51 - Clicking On Customer Name Selection Drop Down : [[ChromeDriver: chrome on WINDOWS (68274669a5f37da2b7f0b07a31f23096)] -> xpath: //select[@id='userSelect']]
2023-05-22 22:05:204 INFO  CustomerLoginPage :53 - Selecting Customer Name From The Drop Down : [[ChromeDriver: chrome on WINDOWS (68274669a5f37da2b7f0b07a31f23096)] -> xpath: //select[@id='userSelect']]
2023-05-22 22:05:285 INFO  CustomerLoginPage :58 - Clicking On Login Button : [[ChromeDriver: chrome on WINDOWS (68274669a5f37da2b7f0b07a31f23096)] -> xpath: //button[@type='submit']]
2023-05-22 22:05:646 INFO  CustomerLoginPage :63 - Verifying Whether The Logout Tab Is Displayed Or Not : 
2023-05-22 22:05:705 INFO  CustomerLoginPage :69 - Clicking On Logout Tab : [[ChromeDriver: chrome on WINDOWS (68274669a5f37da2b7f0b07a31f23096)] -> xpath: //button[@class='btn logout']]
2023-05-22 22:05:534 INFO  CustomerLoginPage :45 - Clicking On Customer Login Button : [[ChromeDriver: chrome on WINDOWS (9d0936dc5838a36f854ca2bd4f72c578)] -> xpath: //button[@type='submit']]
2023-05-22 22:05:625 INFO  CustomerLoginPage :51 - Clicking On Customer Name Selection Drop Down : [[ChromeDriver: chrome on WINDOWS (9d0936dc5838a36f854ca2bd4f72c578)] -> xpath: //select[@id='userSelect']]
2023-05-22 22:05:770 INFO  CustomerLoginPage :53 - Selecting Customer Name From The Drop Down : [[ChromeDriver: chrome on WINDOWS (9d0936dc5838a36f854ca2bd4f72c578)] -> xpath: //select[@id='userSelect']]
2023-05-22 22:05:867 INFO  CustomerLoginPage :58 - Clicking On Login Button : [[ChromeDriver: chrome on WINDOWS (9d0936dc5838a36f854ca2bd4f72c578)] -> xpath: //button[@type='submit']]
2023-05-22 22:05:181 INFO  AccountPage :49 - Clicking On Deposit Button : [[ChromeDriver: chrome on WINDOWS (9d0936dc5838a36f854ca2bd4f72c578)] -> xpath: //button[normalize-space()='Deposit']]
2023-05-22 22:05:507 INFO  AccountPage :54 - Entering The Amount Into Amount Field : [[ChromeDriver: chrome on WINDOWS (9d0936dc5838a36f854ca2bd4f72c578)] -> xpath: //input[@placeholder='amount']]
2023-05-22 22:05:568 INFO  AccountPage :59 - Clicking On Deposit Button : [[ChromeDriver: chrome on WINDOWS (9d0936dc5838a36f854ca2bd4f72c578)] -> xpath: //button[@type='submit']]
2023-05-24 13:05:930 INFO  BankManagerLoginPage :24 - Clicking On Bank Manager Login Button : [[ChromeDriver: chrome on WINDOWS (17e7692c169e48c18ebf9bb8b85c9235)] -> xpath: //button[normalize-space()='Bank Manager Login']]
2023-05-24 13:05:246 INFO  AddCustomerPage :45 - Clicking On Add Customer Button : [[ChromeDriver: chrome on WINDOWS (17e7692c169e48c18ebf9bb8b85c9235)] -> xpath: //button[normalize-space()='Add Customer']]
2023-05-24 13:05:633 INFO  AddCustomerPage :50 - Entering First Name Into First Name Filed : [[ChromeDriver: chrome on WINDOWS (17e7692c169e48c18ebf9bb8b85c9235)] -> xpath: //input[@placeholder='First Name']]
2023-05-24 13:05:721 INFO  AddCustomerPage :55 - Entering Last Name Into Last Name Field : [[ChromeDriver: chrome on WINDOWS (17e7692c169e48c18ebf9bb8b85c9235)] -> xpath: //input[@placeholder='Last Name']]
2023-05-24 13:05:803 INFO  AddCustomerPage :60 - Entering Postcode Into Postcode Field : [[ChromeDriver: chrome on WINDOWS (17e7692c169e48c18ebf9bb8b85c9235)] -> xpath: //input[@placeholder='Post Code']]
2023-05-24 13:05:923 INFO  AddCustomerPage :65 - Clicking On Add Customer Button : [[ChromeDriver: chrome on WINDOWS (17e7692c169e48c18ebf9bb8b85c9235)] -> xpath: //button[@type='submit']]
2023-05-24 13:05:175 INFO  BankManagerLoginPage :24 - Clicking On Bank Manager Login Button : [[ChromeDriver: chrome on WINDOWS (06d51f3823b179eecf1d3d0bc3fab3ab)] -> xpath: //button[normalize-space()='Bank Manager Login']]
2023-05-24 13:05:528 INFO  OpenAccountPage :42 - Clicking On Open An Account Button : [[ChromeDriver: chrome on WINDOWS (06d51f3823b179eecf1d3d0bc3fab3ab)] -> xpath: //button[normalize-space()='Open Account']]
2023-05-24 13:05:903 INFO  OpenAccountPage :48 - Clicking On The Customer Name Drop Down : [[ChromeDriver: chrome on WINDOWS (06d51f3823b179eecf1d3d0bc3fab3ab)] -> css selector: #userSelect]
2023-05-24 13:05:34 INFO  OpenAccountPage :50 - Selecting Customer Name From The Drop Down : [[ChromeDriver: chrome on WINDOWS (06d51f3823b179eecf1d3d0bc3fab3ab)] -> css selector: #userSelect]
2023-05-24 13:05:162 INFO  OpenAccountPage :56 - Clicking On The Currency Drop Down : [[ChromeDriver: chrome on WINDOWS (06d51f3823b179eecf1d3d0bc3fab3ab)] -> xpath: //select[@id='currency']]
2023-05-24 13:05:243 INFO  OpenAccountPage :58 - Selecting The Desired Currency From Currency Drop Down : [[ChromeDriver: chrome on WINDOWS (06d51f3823b179eecf1d3d0bc3fab3ab)] -> xpath: //select[@id='currency']]
2023-05-24 13:05:306 INFO  OpenAccountPage :63 - Clicking On The Process Button : [[ChromeDriver: chrome on WINDOWS (06d51f3823b179eecf1d3d0bc3fab3ab)] -> xpath: //button[@type='submit']]
2023-05-24 13:05:336 INFO  CustomerLoginPage :45 - Clicking On Customer Login Button : [[ChromeDriver: chrome on WINDOWS (84ea3c6cfc53dd6912a0c917ab4e067b)] -> xpath: //button[@type='submit']]
2023-05-24 13:05:425 INFO  CustomerLoginPage :51 - Clicking On Customer Name Selection Drop Down : [[ChromeDriver: chrome on WINDOWS (84ea3c6cfc53dd6912a0c917ab4e067b)] -> xpath: //select[@id='userSelect']]
2023-05-24 13:05:539 INFO  CustomerLoginPage :53 - Selecting Customer Name From The Drop Down : [[ChromeDriver: chrome on WINDOWS (84ea3c6cfc53dd6912a0c917ab4e067b)] -> xpath: //select[@id='userSelect']]
2023-05-24 13:05:693 INFO  CustomerLoginPage :58 - Clicking On Login Button : [[ChromeDriver: chrome on WINDOWS (84ea3c6cfc53dd6912a0c917ab4e067b)] -> xpath: //button[@type='submit']]
2023-05-24 13:05:927 INFO  CustomerLoginPage :63 - Verifying Whether The Logout Tab Is Displayed Or Not : 
2023-05-24 13:05:969 INFO  CustomerLoginPage :69 - Clicking On Logout Tab : [[ChromeDriver: chrome on WINDOWS (84ea3c6cfc53dd6912a0c917ab4e067b)] -> xpath: //button[@class='btn logout']]
2023-05-24 13:05:311 INFO  CustomerLoginPage :45 - Clicking On Customer Login Button : [[ChromeDriver: chrome on WINDOWS (aa66bf3ecba21dee200e0dc3ea6fbeed)] -> xpath: //button[@type='submit']]
2023-05-24 13:05:397 INFO  CustomerLoginPage :51 - Clicking On Customer Name Selection Drop Down : [[ChromeDriver: chrome on WINDOWS (aa66bf3ecba21dee200e0dc3ea6fbeed)] -> xpath: //select[@id='userSelect']]
2023-05-24 13:05:506 INFO  CustomerLoginPage :53 - Selecting Customer Name From The Drop Down : [[ChromeDriver: chrome on WINDOWS (aa66bf3ecba21dee200e0dc3ea6fbeed)] -> xpath: //select[@id='userSelect']]
2023-05-24 13:05:657 INFO  CustomerLoginPage :58 - Clicking On Login Button : [[ChromeDriver: chrome on WINDOWS (aa66bf3ecba21dee200e0dc3ea6fbeed)] -> xpath: //button[@type='submit']]
2023-05-24 13:05:901 INFO  AccountPage :49 - Clicking On Deposit Button : [[ChromeDriver: chrome on WINDOWS (aa66bf3ecba21dee200e0dc3ea6fbeed)] -> xpath: //button[normalize-space()='Deposit']]
2023-05-24 13:05:230 INFO  AccountPage :54 - Entering The Amount Into Amount Field : [[ChromeDriver: chrome on WINDOWS (aa66bf3ecba21dee200e0dc3ea6fbeed)] -> xpath: //input[@placeholder='amount']]
2023-05-24 13:05:283 INFO  AccountPage :59 - Clicking On Deposit Button : [[ChromeDriver: chrome on WINDOWS (aa66bf3ecba21dee200e0dc3ea6fbeed)] -> xpath: //button[@type='submit']]
2023-05-24 13:05:636 INFO  CustomerLoginPage :45 - Clicking On Customer Login Button : [[ChromeDriver: chrome on WINDOWS (e520d6f375e8812b1c4044b0875ad0f3)] -> xpath: //button[@type='submit']]
2023-05-24 13:05:726 INFO  CustomerLoginPage :51 - Clicking On Customer Name Selection Drop Down : [[ChromeDriver: chrome on WINDOWS (e520d6f375e8812b1c4044b0875ad0f3)] -> xpath: //select[@id='userSelect']]
2023-05-24 13:05:824 INFO  CustomerLoginPage :53 - Selecting Customer Name From The Drop Down : [[ChromeDriver: chrome on WINDOWS (e520d6f375e8812b1c4044b0875ad0f3)] -> xpath: //select[@id='userSelect']]
2023-05-24 13:05:22 INFO  CustomerLoginPage :58 - Clicking On Login Button : [[ChromeDriver: chrome on WINDOWS (e520d6f375e8812b1c4044b0875ad0f3)] -> xpath: //button[@type='submit']]
2023-05-24 13:05:537 INFO  AccountPage :64 - Clicking On Withdraw Button : [[ChromeDriver: chrome on WINDOWS (e520d6f375e8812b1c4044b0875ad0f3)] -> xpath: //button[@type='submit']]
2023-05-24 13:05:594 INFO  AccountPage :54 - Entering The Amount Into Amount Field : [[ChromeDriver: chrome on WINDOWS (e520d6f375e8812b1c4044b0875ad0f3)] -> xpath: //input[@placeholder='amount']]
2023-05-24 13:05:648 INFO  AccountPage :74 - Clicking On Withdraw Button : [[ChromeDriver: chrome on WINDOWS (e520d6f375e8812b1c4044b0875ad0f3)] -> xpath: //button[@type='submit']]
2023-05-24 13:05:551 INFO  BankManagerLoginPage :24 - Clicking On Bank Manager Login Button : [[ChromeDriver: chrome on WINDOWS (c258d2e6ec297f648bb6f42678a02b36)] -> xpath: //button[normalize-space()='Bank Manager Login']]
2023-05-24 13:05:856 INFO  AddCustomerPage :45 - Clicking On Add Customer Button : [[ChromeDriver: chrome on WINDOWS (c258d2e6ec297f648bb6f42678a02b36)] -> xpath: //button[normalize-space()='Add Customer']]
2023-05-24 13:05:210 INFO  AddCustomerPage :50 - Entering First Name Into First Name Filed : [[ChromeDriver: chrome on WINDOWS (c258d2e6ec297f648bb6f42678a02b36)] -> xpath: //input[@placeholder='First Name']]
2023-05-24 13:05:292 INFO  AddCustomerPage :55 - Entering Last Name Into Last Name Field : [[ChromeDriver: chrome on WINDOWS (c258d2e6ec297f648bb6f42678a02b36)] -> xpath: //input[@placeholder='Last Name']]
2023-05-24 13:05:398 INFO  AddCustomerPage :60 - Entering Postcode Into Postcode Field : [[ChromeDriver: chrome on WINDOWS (c258d2e6ec297f648bb6f42678a02b36)] -> xpath: //input[@placeholder='Post Code']]
2023-05-24 13:05:473 INFO  AddCustomerPage :65 - Clicking On Add Customer Button : [[ChromeDriver: chrome on WINDOWS (c258d2e6ec297f648bb6f42678a02b36)] -> xpath: //button[@type='submit']]
2023-05-24 13:05:604 INFO  BankManagerLoginPage :24 - Clicking On Bank Manager Login Button : [[ChromeDriver: chrome on WINDOWS (90fce8bf892ef4bfd5068e1a415a4a0a)] -> xpath: //button[normalize-space()='Bank Manager Login']]
2023-05-24 13:05:920 INFO  OpenAccountPage :42 - Clicking On Open An Account Button : [[ChromeDriver: chrome on WINDOWS (90fce8bf892ef4bfd5068e1a415a4a0a)] -> xpath: //button[normalize-space()='Open Account']]
2023-05-24 13:05:296 INFO  OpenAccountPage :48 - Clicking On The Customer Name Drop Down : [[ChromeDriver: chrome on WINDOWS (90fce8bf892ef4bfd5068e1a415a4a0a)] -> css selector: #userSelect]
2023-05-24 13:05:427 INFO  OpenAccountPage :50 - Selecting Customer Name From The Drop Down : [[ChromeDriver: chrome on WINDOWS (90fce8bf892ef4bfd5068e1a415a4a0a)] -> css selector: #userSelect]
2023-05-24 13:05:522 INFO  OpenAccountPage :56 - Clicking On The Currency Drop Down : [[ChromeDriver: chrome on WINDOWS (90fce8bf892ef4bfd5068e1a415a4a0a)] -> xpath: //select[@id='currency']]
2023-05-24 13:05:616 INFO  OpenAccountPage :58 - Selecting The Desired Currency From Currency Drop Down : [[ChromeDriver: chrome on WINDOWS (90fce8bf892ef4bfd5068e1a415a4a0a)] -> xpath: //select[@id='currency']]
2023-05-24 13:05:678 INFO  OpenAccountPage :63 - Clicking On The Process Button : [[ChromeDriver: chrome on WINDOWS (90fce8bf892ef4bfd5068e1a415a4a0a)] -> xpath: //button[@type='submit']]
2023-05-24 13:05:343 INFO  CustomerLoginPage :45 - Clicking On Customer Login Button : [[ChromeDriver: chrome on WINDOWS (bd2d49b5ac363c359a42e39997d4c8ae)] -> xpath: //button[@type='submit']]
2023-05-24 13:05:436 INFO  CustomerLoginPage :51 - Clicking On Customer Name Selection Drop Down : [[ChromeDriver: chrome on WINDOWS (bd2d49b5ac363c359a42e39997d4c8ae)] -> xpath: //select[@id='userSelect']]
2023-05-24 13:05:567 INFO  CustomerLoginPage :53 - Selecting Customer Name From The Drop Down : [[ChromeDriver: chrome on WINDOWS (bd2d49b5ac363c359a42e39997d4c8ae)] -> xpath: //select[@id='userSelect']]
2023-05-24 13:05:690 INFO  CustomerLoginPage :58 - Clicking On Login Button : [[ChromeDriver: chrome on WINDOWS (bd2d49b5ac363c359a42e39997d4c8ae)] -> xpath: //button[@type='submit']]
2023-05-24 13:05:944 INFO  CustomerLoginPage :63 - Verifying Whether The Logout Tab Is Displayed Or Not : 
2023-05-24 13:05:998 INFO  CustomerLoginPage :69 - Clicking On Logout Tab : [[ChromeDriver: chrome on WINDOWS (bd2d49b5ac363c359a42e39997d4c8ae)] -> xpath: //button[@class='btn logout']]
2023-05-24 13:05:904 INFO  CustomerLoginPage :45 - Clicking On Customer Login Button : [[ChromeDriver: chrome on WINDOWS (ced1bc9544a35edeefc0cf9e0d16bd6e)] -> xpath: //button[@type='submit']]
2023-05-24 13:05:01 INFO  CustomerLoginPage :51 - Clicking On Customer Name Selection Drop Down : [[ChromeDriver: chrome on WINDOWS (ced1bc9544a35edeefc0cf9e0d16bd6e)] -> xpath: //select[@id='userSelect']]
2023-05-24 13:05:113 INFO  CustomerLoginPage :53 - Selecting Customer Name From The Drop Down : [[ChromeDriver: chrome on WINDOWS (ced1bc9544a35edeefc0cf9e0d16bd6e)] -> xpath: //select[@id='userSelect']]
2023-05-24 13:05:261 INFO  CustomerLoginPage :58 - Clicking On Login Button : [[ChromeDriver: chrome on WINDOWS (ced1bc9544a35edeefc0cf9e0d16bd6e)] -> xpath: //button[@type='submit']]
2023-05-24 13:05:516 INFO  AccountPage :49 - Clicking On Deposit Button : [[ChromeDriver: chrome on WINDOWS (ced1bc9544a35edeefc0cf9e0d16bd6e)] -> xpath: //button[normalize-space()='Deposit']]
2023-05-24 13:05:866 INFO  AccountPage :54 - Entering The Amount Into Amount Field : [[ChromeDriver: chrome on WINDOWS (ced1bc9544a35edeefc0cf9e0d16bd6e)] -> xpath: //input[@placeholder='amount']]
2023-05-24 13:05:921 INFO  AccountPage :59 - Clicking On Deposit Button : [[ChromeDriver: chrome on WINDOWS (ced1bc9544a35edeefc0cf9e0d16bd6e)] -> xpath: //button[@type='submit']]
